<?xml version="1.0" encoding="UTF-8"?>
<!-- Generated by org.testng.reporters.JUnitReportReporter -->
<testsuite hostname="INVENGER-819" failures="0" tests="1" name="seleniumcourse.tests.Standalonetest_PO" time="14.455" errors="0" timestamp="2024-04-22T15:27:29 IST" skipped="0">
  <testcase classname="seleniumcourse.tests.Standalonetest_PO" name="standaloneTest" time="14.455"/>
  <system-out/>
</testsuite> <!-- seleniumcourse.tests.Standalonetest_PO -->
