<?xml version="1.0" encoding="UTF-8"?>
<!-- Generated by org.testng.reporters.JUnitReportReporter -->
<testsuite hostname="INVENGER-819" failures="0" tests="1" name="cucumber.TestNGTestRunner" time="15.481" errors="0" timestamp="2024-05-02T12:21:08 IST" skipped="0">
  <testcase classname="cucumber.TestNGTestRunner" name="runScenario" time="15.481"/>
</testsuite> <!-- cucumber.TestNGTestRunner -->
